<?xml version="1.0" encoding="UTF-8"?>
<!-- Generated by org.testng.reporters.JUnitReportReporter -->
<testsuite hostname="BOLD-ANANTJ" name="Automation.KeywordFramework.IrctcLogic" tests="1" failures="0" timestamp="5 Jul 2022 08:42:38 GMT" time="51.393" errors="0">
  <testcase name="readExcelandexecute" time="51.393" classname="Automation.KeywordFramework.IrctcLogic"/>
</testsuite> <!-- Automation.KeywordFramework.IrctcLogic -->
